Start: validLogin
Success of test cases and its details are : validLogin
Start: validSignUp
Success of test cases and its details are : validSignUp
Start: createOrder
Success of test cases and its details are : createOrder
Start: searchProduct
Success of test cases and its details are : searchProduct
Start: pageScroll
Success of test cases and its details are : pageScroll
Start: validLogin
Success of test cases and its details are : validLogin
Start: validSignUp
Success of test cases and its details are : validSignUp
Start: createOrder
Success of test cases and its details are : createOrder
Start: searchProduct
Success of test cases and its details are : searchProduct
Start: pageScroll
Failure of test cases and its details are : pageScroll
Start: searchProduct
Success of test cases and its details are : searchProduct
Start: pageScroll
Success of test cases and its details are : pageScroll
Start: createOrder
Success of test cases and its details are : createOrder
Start: validLogin
Success of test cases and its details are : validLogin
Start: validSignUp
Success of test cases and its details are : validSignUp
Start: validLogin
Success of test cases and its details are : validLogin
Start: validSignUp
Success of test cases and its details are : validSignUp
Start: pageScroll
Success of test cases and its details are : pageScroll
Start: searchProduct
Success of test cases and its details are : searchProduct
Start: createOrder
Failure of test cases and its details are : createOrder
Start: validLogin
Success of test cases and its details are : validLogin
Start: validSignUp
Success of test cases and its details are : validSignUp
Start: pageScroll
Success of test cases and its details are : pageScroll
Start: createOrder
Success of test cases and its details are : createOrder
Start: searchProduct
Success of test cases and its details are : searchProduct
Start: goToProductsFromHeader
Start: searchProduct
Success of test cases and its details are : goToProductsFromHeader
Success of test cases and its details are : searchProduct
Start: pageScroll
Success of test cases and its details are : pageScroll
Start: createOrder
Start: validLogin
Success of test cases and its details are : validLogin
Failure of test cases and its details are : createOrder
Start: validSignUp
Success of test cases and its details are : validSignUp
Start: validLogin
Success of test cases and its details are : validLogin
Start: validSignUp
Start: goToProductsFromHeader
Success of test cases and its details are : validSignUp
Success of test cases and its details are : goToProductsFromHeader
Start: pageScroll
Success of test cases and its details are : pageScroll
Start: createOrder
Start: searchProduct
Success of test cases and its details are : searchProduct
Success of test cases and its details are : createOrder
Start: goToProductsFromHeader
Success of test cases and its details are : goToProductsFromHeader
Start: createOrder
Start: pageScroll
Success of test cases and its details are : pageScroll
Failure of test cases and its details are : createOrder
Start: searchProduct
Success of test cases and its details are : searchProduct
Start: validLogin
Success of test cases and its details are : validLogin
Start: validSignUp
Success of test cases and its details are : validSignUp
Start: goToProductsFromHeader
Success of test cases and its details are : goToProductsFromHeader
Start: searchProduct
Success of test cases and its details are : searchProduct
Start: pageScroll
Success of test cases and its details are : pageScroll
Start: validLogin
Success of test cases and its details are : validLogin
Start: createOrder
Start: validSignUp
Failure of test cases and its details are : createOrder
Success of test cases and its details are : validSignUp
Start: goToProductsFromHeader
Success of test cases and its details are : goToProductsFromHeader
Start: createOrder
Start: pageScroll
Success of test cases and its details are : pageScroll
Start: searchProduct
Success of test cases and its details are : searchProduct
Start: validLogin
Success of test cases and its details are : validLogin
Failure of test cases and its details are : createOrder
Start: validSignUp
Success of test cases and its details are : validSignUp
Start: validLogin
Start: searchProduct
Success of test cases and its details are : validLogin
Success of test cases and its details are : searchProduct
Start: validSignUp
Start: goToProductsFromHeader
Success of test cases and its details are : goToProductsFromHeader
Start: pageScroll
Success of test cases and its details are : pageScroll
Success of test cases and its details are : validSignUp
Start: createOrder
Success of test cases and its details are : createOrder
Start: validLogin
Success of test cases and its details are : validLogin
Start: createOrder
Start: validSignUp
Failure of test cases and its details are : createOrder
Success of test cases and its details are : validSignUp
Start: searchProduct
Start: goToProductsFromHeader
Success of test cases and its details are : searchProduct
Success of test cases and its details are : goToProductsFromHeader
Start: pageScroll
Success of test cases and its details are : pageScroll
Start: goToProductsFromHeader
Success of test cases and its details are : goToProductsFromHeader
Start: createOrder
Start: pageScroll
Success of test cases and its details are : pageScroll
Failure of test cases and its details are : createOrder
Start: validLogin
Start: searchProduct
Success of test cases and its details are : validLogin
Success of test cases and its details are : searchProduct
Start: validSignUp
Success of test cases and its details are : validSignUp
